<?xml version="1.0" encoding="UTF-8"?>
<!-- Generated by org.testng.reporters.JUnitReportReporter -->
<testsuite skipped="0" hostname="Lenovo" name="org.testng.TestNgTest2" tests="1" failures="0" timestamp="11 Dec 2021 16:29:35 GMT" time="0.016" errors="0">
  <testcase name="tc01" time="0.016" classname="org.testng.TestNgTest2"/>
</testsuite> <!-- org.testng.TestNgTest2 -->
