<?xml version="1.0" encoding="UTF-8"?>
<!-- Generated by org.testng.reporters.JUnitReportReporter -->
<testsuite skipped="0" hostname="Lenovo" name="org.testng.DataProviderTesting" tests="3" failures="0" timestamp="13 Dec 2021 04:47:40 GMT" time="64.441" errors="0">
  <testcase name="test" time="18.389" classname="org.testng.DataProviderTesting"/>
  <testcase name="test" time="14.602" classname="org.testng.DataProviderTesting"/>
  <testcase name="test" time="31.450" classname="org.testng.DataProviderTesting"/>
</testsuite> <!-- org.testng.DataProviderTesting -->
