<?xml version="1.0" encoding="UTF-8"?>
<!-- Generated by org.testng.reporters.JUnitReportReporter -->
<testsuite skipped="0" hostname="Lenovo" name="org.testng.HardAssert" tests="2" failures="0" timestamp="11 Dec 2021 16:50:20 GMT" time="0.032" errors="0">
  <testcase name="tc01" time="0.016" classname="org.testng.HardAssert"/>
  <testcase name="tc02" time="0.016" classname="org.testng.HardAssert"/>
</testsuite> <!-- org.testng.HardAssert -->
