<?xml version="1.0" encoding="UTF-8"?>
<!-- Generated by org.testng.reporters.JUnitReportReporter -->
<testsuite skipped="0" hostname="Lenovo" name="org.testng.TestNgTest4" tests="3" failures="0" timestamp="11 Dec 2021 16:43:22 GMT" time="2.089" errors="0">
  <testcase name="tc02" time="0.863" classname="org.testng.TestNgTest4"/>
  <testcase name="tco3" time="0.516" classname="org.testng.TestNgTest4"/>
  <testcase name="tco4" time="0.710" classname="org.testng.TestNgTest4"/>
</testsuite> <!-- org.testng.TestNgTest4 -->
