<?xml version="1.0" encoding="UTF-8"?>
<!-- Generated by org.testng.reporters.JUnitReportReporter -->
<testsuite skipped="0" hostname="Lenovo" name="org.testng.SoftAssert1" tests="2" failures="0" timestamp="11 Dec 2021 17:02:23 GMT" time="0.123" errors="0">
  <testcase name="tc02" time="0.015" classname="org.testng.SoftAssert1"/>
  <testcase name="tc01" time="0.108" classname="org.testng.SoftAssert1"/>
</testsuite> <!-- org.testng.SoftAssert1 -->
