<?xml version="1.0" encoding="UTF-8"?>
<!-- Generated by org.testng.reporters.JUnitReportReporter -->
<testsuite skipped="0" hostname="Lenovo" name="org.testng.PriorityTestNg" tests="25" failures="0" timestamp="11 Dec 2021 17:23:32 GMT" time="0.219" errors="0">
  <testcase name="tc03" time="0.031" classname="org.testng.PriorityTestNg"/>
  <testcase name="tc01" time="0.000" classname="org.testng.PriorityTestNg"/>
  <testcase name="tc05" time="0.016" classname="org.testng.PriorityTestNg"/>
  <testcase name="tc02" time="0.016" classname="org.testng.PriorityTestNg"/>
  <testcase name="tc02" time="0.000" classname="org.testng.PriorityTestNg"/>
  <testcase name="tc02" time="0.000" classname="org.testng.PriorityTestNg"/>
  <testcase name="tc02" time="0.000" classname="org.testng.PriorityTestNg"/>
  <testcase name="tc02" time="0.000" classname="org.testng.PriorityTestNg"/>
  <testcase name="tc02" time="0.015" classname="org.testng.PriorityTestNg"/>
  <testcase name="tc02" time="0.000" classname="org.testng.PriorityTestNg"/>
  <testcase name="tc02" time="0.000" classname="org.testng.PriorityTestNg"/>
  <testcase name="tc02" time="0.016" classname="org.testng.PriorityTestNg"/>
  <testcase name="tc02" time="0.016" classname="org.testng.PriorityTestNg"/>
  <testcase name="tc02" time="0.016" classname="org.testng.PriorityTestNg"/>
  <testcase name="tc02" time="0.000" classname="org.testng.PriorityTestNg"/>
  <testcase name="tc02" time="0.000" classname="org.testng.PriorityTestNg"/>
  <testcase name="tc02" time="0.000" classname="org.testng.PriorityTestNg"/>
  <testcase name="tc02" time="0.000" classname="org.testng.PriorityTestNg"/>
  <testcase name="tc02" time="0.016" classname="org.testng.PriorityTestNg"/>
  <testcase name="tc02" time="0.000" classname="org.testng.PriorityTestNg"/>
  <testcase name="tc02" time="0.047" classname="org.testng.PriorityTestNg"/>
  <testcase name="tc02" time="0.000" classname="org.testng.PriorityTestNg"/>
  <testcase name="tc02" time="0.015" classname="org.testng.PriorityTestNg"/>
  <testcase name="tc06" time="0.015" classname="org.testng.PriorityTestNg"/>
  <testcase name="tc04" time="0.000" classname="org.testng.PriorityTestNg"/>
</testsuite> <!-- org.testng.PriorityTestNg -->
