<?xml version="1.0" encoding="UTF-8"?>
<!-- Generated by org.testng.reporters.JUnitReportReporter -->
<testsuite skipped="0" hostname="Lenovo" name="org.testng.DependsOnGroup" tests="7" failures="0" timestamp="11 Dec 2021 17:08:10 GMT" time="0.109" errors="0">
  <testcase name="tc01" time="0.015" classname="org.testng.DependsOnGroup"/>
  <testcase name="tc06" time="0.015" classname="org.testng.DependsOnGroup"/>
  <testcase name="tc05" time="0.000" classname="org.testng.DependsOnGroup"/>
  <testcase name="tc07" time="0.016" classname="org.testng.DependsOnGroup"/>
  <testcase name="tc02" time="0.016" classname="org.testng.DependsOnGroup"/>
  <testcase name="tc04" time="0.031" classname="org.testng.DependsOnGroup"/>
  <testcase name="tc03" time="0.016" classname="org.testng.DependsOnGroup"/>
</testsuite> <!-- org.testng.DependsOnGroup -->
