<?xml version="1.0" encoding="UTF-8"?>
<!-- Generated by org.testng.reporters.JUnitReportReporter -->
<testsuite skipped="0" hostname="Lenovo" name="org.testng.ParallelTesting" tests="5" failures="0" timestamp="13 Dec 2021 05:04:26 GMT" time="0.260" errors="0">
  <testcase name="tc01" time="0.047" classname="org.testng.ParallelTesting"/>
  <testcase name="tc02" time="0.063" classname="org.testng.ParallelTesting"/>
  <testcase name="tc05" time="0.049" classname="org.testng.ParallelTesting"/>
  <testcase name="tc03" time="0.050" classname="org.testng.ParallelTesting"/>
  <testcase name="tc04" time="0.051" classname="org.testng.ParallelTesting"/>
</testsuite> <!-- org.testng.ParallelTesting -->
